<?xml version="1.0" encoding="UTF-8"?>
<!-- Generated by org.testng.reporters.JUnitReportReporter -->
<testsuite hostname="Lenovo-PC" name="com.selenium.test.Selenium16Maven.App" tests="1" failures="0" timestamp="9 Dec 2017 06:57:49 GMT" time="19.604" errors="0">
  <testcase name="xyzMethod" time="19.604" classname="com.selenium.test.Selenium16Maven.App"/>
</testsuite> <!-- com.selenium.test.Selenium16Maven.App -->
