<?xml version="1.0" encoding="UTF-8"?>
<!-- Generated by org.testng.reporters.JUnitReportReporter -->
<testsuite hostname="Lenovo-PC" name="com.selenium.test.Selenium16Maven.TestSaurab" tests="2" failures="0" timestamp="10 Dec 2017 14:00:39 GMT" time="0.008" errors="0">
  <testcase name="second" time="0.001" classname="com.selenium.test.Selenium16Maven.TestSaurab"/>
  <testcase name="first" time="0.007" classname="com.selenium.test.Selenium16Maven.TestSaurab"/>
</testsuite> <!-- com.selenium.test.Selenium16Maven.TestSaurab -->
