<?xml version="1.0" encoding="UTF-8"?>
<!-- Generated by org.testng.reporters.JUnitReportReporter -->
<testsuite hostname="Lenovo-PC" name="page.object.model.MyMainClass" tests="3" failures="0" timestamp="18 Jan 2018 02:53:42 GMT" time="31.501" errors="0">
  <testcase name="product" time="0.001" classname="page.object.model.MyMainClass"/>
  <testcase name="signUp" time="22.891" classname="page.object.model.MyMainClass"/>
  <testcase name="login" time="8.609" classname="page.object.model.MyMainClass"/>
</testsuite> <!-- page.object.model.MyMainClass -->
