<?xml version="1.0" encoding="UTF-8"?>
<!-- Generated by org.testng.reporters.JUnitReportReporter -->
<testsuite hostname="Lenovo-PC" name="com.selenium.test.Selenium16Maven.MyNewClass" tests="1" failures="0" timestamp="10 Dec 2017 11:34:10 GMT" time="0.001" errors="0">
  <testcase name="f" time="0.001" classname="com.selenium.test.Selenium16Maven.MyNewClass"/>
</testsuite> <!-- com.selenium.test.Selenium16Maven.MyNewClass -->
