<?xml version="1.0" encoding="UTF-8"?>
<!-- Generated by org.testng.reporters.JUnitReportReporter -->
<testsuite hostname="Lenovo-PC" name="com.xyz.test.MyNewClass" tests="1" failures="0" timestamp="10 Dec 2017 11:40:38 GMT" time="0.001" errors="0">
  <testcase name="f" time="0.001" classname="com.xyz.test.MyNewClass"/>
</testsuite> <!-- com.xyz.test.MyNewClass -->
