<?xml version="1.0" encoding="UTF-8"?>
<!-- Generated by org.testng.reporters.JUnitReportReporter -->
<testsuite hostname="Lenovo-PC" name="page.object.model.MyMainClass" tests="3" failures="0" timestamp="17 Jan 2018 02:59:39 GMT" time="27.692" errors="0">
  <testcase name="product" time="0.001" classname="page.object.model.MyMainClass"/>
  <testcase name="login" time="3.053" classname="page.object.model.MyMainClass"/>
  <testcase name="signUp" time="24.638" classname="page.object.model.MyMainClass"/>
</testsuite> <!-- page.object.model.MyMainClass -->
